# Logfile created on Tue Feb 09 11:18:23 +0700 2010  [4;36;1mSQL (0.1ms)[0m   [0;1mSET NAMES 'utf8'[0m
  [4;35;1mSQL (0.1ms)[0m   [0mSET SQL_AUTO_IS_NULL=0[0m


Processing HomeController#index (for 127.0.0.1 at 2010-02-09 11:26:06) [GET]
Rendering template within layouts/application
Rendering home/index
Rendered shared/_header (2.6ms)
Rendered shared/_footer (1.7ms)
Completed in 107ms (View: 52, DB: 0) | 200 OK [http://localhost/]
  [4;36;1mSQL (0.1ms)[0m   [0;1mSET NAMES 'utf8'[0m
  [4;35;1mSQL (0.1ms)[0m   [0mSET SQL_AUTO_IS_NULL=0[0m


Processing HomeController#index (for 127.0.0.1 at 2010-02-09 11:27:54) [GET]
Rendering template within layouts/application
Rendering home/index
Rendered shared/_header (0.4ms)
Rendered shared/_footer (0.8ms)
Completed in 13ms (View: 9, DB: 0) | 200 OK [http://localhost/]
  [4;36;1mSQL (0.1ms)[0m   [0;1mSET NAMES 'utf8'[0m
  [4;35;1mSQL (0.1ms)[0m   [0mSET SQL_AUTO_IS_NULL=0[0m


Processing SessionsController#new (for 127.0.0.1 at 2010-02-09 11:28:34) [GET]
Rendering template within layouts/application
Rendering sessions/new
Rendered shared/_header (0.6ms)
Rendered shared/_footer (0.1ms)
Completed in 28ms (View: 23, DB: 0) | 200 OK [http://localhost/login]
  [4;36;1mSQL (0.2ms)[0m   [0;1mSET NAMES 'utf8'[0m
  [4;35;1mSQL (0.1ms)[0m   [0mSET SQL_AUTO_IS_NULL=0[0m


Processing SessionsController#new (for 127.0.0.1 at 2010-02-09 11:34:45) [GET]
Rendering template within layouts/application
Rendering sessions/new
Rendered shared/_header (2.2ms)
Rendered shared/_footer (1.1ms)
Completed in 46ms (View: 41, DB: 0) | 200 OK [http://localhost/login]
  [4;36;1mSQL (0.1ms)[0m   [0;1mSET NAMES 'utf8'[0m
  [4;35;1mSQL (0.1ms)[0m   [0mSET SQL_AUTO_IS_NULL=0[0m


Processing HomeController#index (for 127.0.0.1 at 2010-02-09 11:34:47) [GET]
Rendering template within layouts/application
Rendering home/index
Rendered shared/_header (0.5ms)
Rendered shared/_footer (0.1ms)
Completed in 25ms (View: 20, DB: 0) | 200 OK [http://localhost/]
  [4;36;1mSQL (0.1ms)[0m   [0;1mSET NAMES 'utf8'[0m
  [4;35;1mSQL (0.1ms)[0m   [0mSET SQL_AUTO_IS_NULL=0[0m


Processing SessionsController#new (for 127.0.0.1 at 2010-02-09 11:34:48) [GET]
Rendering template within layouts/application
Rendering sessions/new
Rendered shared/_header (0.5ms)
Rendered shared/_footer (0.1ms)
Completed in 14ms (View: 8, DB: 0) | 200 OK [http://localhost/login]
  [4;36;1mSQL (0.1ms)[0m   [0;1mSET NAMES 'utf8'[0m
  [4;35;1mSQL (0.1ms)[0m   [0mSET SQL_AUTO_IS_NULL=0[0m


Processing HomeController#index (for 127.0.0.1 at 2010-02-09 11:34:50) [GET]
Rendering template within layouts/application
Rendering home/index
Rendered shared/_header (69.7ms)
Rendered shared/_footer (0.1ms)
Completed in 80ms (View: 76, DB: 0) | 200 OK [http://localhost/]
  [4;36;1mSQL (0.5ms)[0m   [0;1mSET NAMES 'utf8'[0m
  [4;35;1mSQL (0.1ms)[0m   [0mSET SQL_AUTO_IS_NULL=0[0m


Processing SessionsController#new (for 127.0.0.1 at 2010-02-09 11:34:58) [GET]
Rendering template within layouts/application
Rendering sessions/new
Rendered shared/_header (0.5ms)
Rendered shared/_footer (0.1ms)
Completed in 12ms (View: 8, DB: 1) | 200 OK [http://localhost/login]
  [4;36;1mSQL (0.1ms)[0m   [0;1mSET NAMES 'utf8'[0m
  [4;35;1mSQL (0.1ms)[0m   [0mSET SQL_AUTO_IS_NULL=0[0m


Processing SessionsController#create (for 127.0.0.1 at 2010-02-09 11:34:59) [POST]
  Parameters: {"commit"=>"Log in", "authenticity_token"=>"WOSOKNxt5KRNnD1LKWtIfX1ZIsVhCrOjxtku5CV0+yU=", "login"=>"", "password"=>""}
Failed login for '' from 127.0.0.1 at Tue Feb 09 04:34:59 UTC 2010
Rendering template within layouts/application
Rendering sessions/new
Rendered shared/_header (0.3ms)
Rendered shared/_footer (0.1ms)
Completed in 56ms (View: 8, DB: 0) | 200 OK [http://localhost/session]
  [4;36;1mSQL (0.1ms)[0m   [0;1mSET NAMES 'utf8'[0m
  [4;35;1mSQL (0.1ms)[0m   [0mSET SQL_AUTO_IS_NULL=0[0m


Processing SessionsController#create (for 127.0.0.1 at 2010-02-09 11:35:02) [POST]
  Parameters: {"commit"=>"Log in", "authenticity_token"=>"WOSOKNxt5KRNnD1LKWtIfX1ZIsVhCrOjxtku5CV0+yU=", "login"=>"", "password"=>""}
Failed login for '' from 127.0.0.1 at Tue Feb 09 04:35:02 UTC 2010
Rendering template within layouts/application
Rendering sessions/new
Rendered shared/_header (0.3ms)
Rendered shared/_footer (0.1ms)
Completed in 36ms (View: 16, DB: 0) | 200 OK [http://localhost/session]
  [4;36;1mSQL (0.1ms)[0m   [0;1mSET NAMES 'utf8'[0m
  [4;35;1mSQL (0.1ms)[0m   [0mSET SQL_AUTO_IS_NULL=0[0m


Processing SessionsController#create (for 127.0.0.1 at 2010-02-09 11:35:02) [POST]
  Parameters: {"commit"=>"Log in", "authenticity_token"=>"WOSOKNxt5KRNnD1LKWtIfX1ZIsVhCrOjxtku5CV0+yU=", "login"=>"", "password"=>""}
Failed login for '' from 127.0.0.1 at Tue Feb 09 04:35:02 UTC 2010
Rendering template within layouts/application
Rendering sessions/new
Rendered shared/_header (0.3ms)
Rendered shared/_footer (0.1ms)
Completed in 38ms (View: 5, DB: 0) | 200 OK [http://localhost/session]
  [4;36;1mSQL (0.1ms)[0m   [0;1mSET NAMES 'utf8'[0m
  [4;35;1mSQL (0.1ms)[0m   [0mSET SQL_AUTO_IS_NULL=0[0m


Processing UsersController#new (for 127.0.0.1 at 2010-02-09 11:35:43) [GET]
  [4;36;1mUser Columns (1.1ms)[0m   [0;1mSHOW FIELDS FROM `users`[0m
Rendering template within layouts/application
Rendering users/new
Rendered users/_form (7.1ms)
  [4;35;1mCountry Load (1.4ms)[0m   [0mSELECT * FROM `countries` [0m
  [4;36;1mCountry Columns (0.7ms)[0m   [0;1mSHOW FIELDS FROM `countries`[0m
Rendered profiles/_form (1821.7ms)
Rendered shared/_header (0.4ms)
Rendered shared/_footer (0.1ms)
Completed in 1873ms (View: 1851, DB: 3) | 200 OK [http://localhost/signup]
